Building DAG of jobs...
Using shell: /usr/bin/bash
Provided cores: 1 (use --cores to define parallelism)
Rules claiming more threads will be scaled down.
Job stats:
job              count    min threads    max threads
-------------  -------  -------------  -------------
run_hts_stats        1              1              1
total                1              1              1

Select jobs to execute...

[Fri Sep 23 15:48:22 2022]
rule run_hts_stats:
    input: data/subset/SRR5811862.subset.fastq.gz
    output: HTS_testing/SRR5811862.subset.stats.json, HTS_testing/SRR5811862.subset.stats_SE.fastq.gz
    jobid: 0
    reason: Missing output files: HTS_testing/SRR5811862.subset.stats_SE.fastq.gz, HTS_testing/SRR5811862.subset.stats.json
    resources: tmpdir=/tmp

[Fri Sep 23 15:48:25 2022]
Finished job 0.
1 of 1 steps (100%) done
Complete log: .snakemake/log/2022-09-23T154822.358282.snakemake.log
